0 info it worked if it ends with ok
1 verbose cli [ '/usr/local/bin/node',
1 verbose cli   '/usr/local/bin/npm',
1 verbose cli   'install',
1 verbose cli   'prompt',
1 verbose cli   '--save' ]
2 info using npm@2.14.7
3 info using node@v4.2.1
4 verbose install initial load of /Users/mariavintimilla/Desktop/CodingBootcamp/package.json
5 verbose readDependencies loading dependencies from /Users/mariavintimilla/Desktop/CodingBootcamp/package.json
6 silly cache add args [ 'prompt', null ]
7 verbose cache add spec prompt
8 silly cache add parsed spec Result {
8 silly cache add   raw: 'prompt',
8 silly cache add   scope: null,
8 silly cache add   name: 'prompt',
8 silly cache add   rawSpec: '',
8 silly cache add   spec: '*',
8 silly cache add   type: 'range' }
9 silly addNamed prompt@*
10 verbose addNamed "*" is a valid semver range for prompt
11 silly addNameRange { name: 'prompt', range: '*', hasData: false }
12 silly mapToRegistry name prompt
13 silly mapToRegistry using default registry
14 silly mapToRegistry registry https://registry.npmjs.org/
15 silly mapToRegistry uri https://registry.npmjs.org/prompt
16 verbose addNameRange registry:https://registry.npmjs.org/prompt not in flight; fetching
17 verbose request uri https://registry.npmjs.org/prompt
18 verbose request no auth needed
19 info attempt registry request try #1 at 12:34:59 PM
20 verbose request id 53ef0926375e8170
21 verbose etag "644VBAV0IHQD5X4KTVSDEZMD0"
22 http request GET https://registry.npmjs.org/prompt
23 http 304 https://registry.npmjs.org/prompt
24 verbose headers { date: 'Tue, 02 Feb 2016 17:34:59 GMT',
24 verbose headers   via: '1.1 varnish',
24 verbose headers   'cache-control': 'max-age=300',
24 verbose headers   etag: '"644VBAV0IHQD5X4KTVSDEZMD0"',
24 verbose headers   age: '241',
24 verbose headers   connection: 'keep-alive',
24 verbose headers   'x-served-by': 'cache-jfk1033-JFK',
24 verbose headers   'x-cache': 'HIT',
24 verbose headers   'x-cache-hits': '6',
24 verbose headers   'x-timer': 'S1454434499.127228,VS0,VE0',
24 verbose headers   vary: 'Accept' }
25 silly get cb [ 304,
25 silly get   { date: 'Tue, 02 Feb 2016 17:34:59 GMT',
25 silly get     via: '1.1 varnish',
25 silly get     'cache-control': 'max-age=300',
25 silly get     etag: '"644VBAV0IHQD5X4KTVSDEZMD0"',
25 silly get     age: '241',
25 silly get     connection: 'keep-alive',
25 silly get     'x-served-by': 'cache-jfk1033-JFK',
25 silly get     'x-cache': 'HIT',
25 silly get     'x-cache-hits': '6',
25 silly get     'x-timer': 'S1454434499.127228,VS0,VE0',
25 silly get     vary: 'Accept' } ]
26 verbose etag https://registry.npmjs.org/prompt from cache
27 verbose get saving prompt to /Users/mariavintimilla/.npm/registry.npmjs.org/prompt/.cache.json
28 silly addNameRange number 2 { name: 'prompt', range: '*', hasData: true }
29 silly addNameRange versions [ 'prompt',
29 silly addNameRange   [ '0.0.1',
29 silly addNameRange     '0.0.2',
29 silly addNameRange     '0.0.3',
29 silly addNameRange     '0.0.4',
29 silly addNameRange     '0.1.0',
29 silly addNameRange     '0.1.1',
29 silly addNameRange     '0.1.2',
29 silly addNameRange     '0.1.3',
29 silly addNameRange     '0.1.4',
29 silly addNameRange     '0.1.5',
29 silly addNameRange     '0.1.7',
29 silly addNameRange     '0.1.8',
29 silly addNameRange     '0.1.9',
29 silly addNameRange     '0.1.10',
29 silly addNameRange     '0.1.11',
29 silly addNameRange     '0.1.12',
29 silly addNameRange     '0.2.0',
29 silly addNameRange     '0.2.1',
29 silly addNameRange     '0.2.2',
29 silly addNameRange     '0.2.3',
29 silly addNameRange     '0.2.4',
29 silly addNameRange     '0.2.5',
29 silly addNameRange     '0.2.6',
29 silly addNameRange     '0.2.7',
29 silly addNameRange     '0.2.8',
29 silly addNameRange     '0.2.9',
29 silly addNameRange     '0.2.10',
29 silly addNameRange     '0.2.11',
29 silly addNameRange     '0.2.12',
29 silly addNameRange     '0.2.13',
29 silly addNameRange     '0.2.14' ] ]
30 silly addNamed prompt@0.2.14
31 verbose addNamed "0.2.14" is a plain semver version for prompt
32 silly cache afterAdd prompt@0.2.14
33 verbose afterAdd /Users/mariavintimilla/.npm/prompt/0.2.14/package/package.json not in flight; writing
34 verbose afterAdd /Users/mariavintimilla/.npm/prompt/0.2.14/package/package.json written
35 silly install resolved [ { name: 'prompt',
35 silly install resolved     description: 'A beautiful command-line prompt for node.js',
35 silly install resolved     version: '0.2.14',
35 silly install resolved     author: { name: 'Nodejitsu Inc.', email: 'info@nodejitsu.com' },
35 silly install resolved     maintainers: [ [Object], [Object], [Object], [Object] ],
35 silly install resolved     repository:
35 silly install resolved      { type: 'git',
35 silly install resolved        url: 'git+ssh://git@github.com/flatiron/prompt.git' },
35 silly install resolved     dependencies:
35 silly install resolved      { pkginfo: '0.x.x',
35 silly install resolved        read: '1.0.x',
35 silly install resolved        revalidator: '0.1.x',
35 silly install resolved        utile: '0.2.x',
35 silly install resolved        winston: '0.8.x' },
35 silly install resolved     devDependencies: { vows: '0.7.0' },
35 silly install resolved     main: './lib/prompt',
35 silly install resolved     scripts:
35 silly install resolved      { test: 'vows test/prompt-test.js --spec',
35 silly install resolved        'test-all': 'vows --spec' },
35 silly install resolved     engines: { node: '>= 0.6.6' },
35 silly install resolved     gitHead: 'e1d3df66acfe9de33a573bef1c0a1b18d18cc698',
35 silly install resolved     bugs: { url: 'https://github.com/flatiron/prompt/issues' },
35 silly install resolved     homepage: 'https://github.com/flatiron/prompt',
35 silly install resolved     _id: 'prompt@0.2.14',
35 silly install resolved     _shasum: '57754f64f543fd7b0845707c818ece618f05ffdc',
35 silly install resolved     _from: 'prompt@*',
35 silly install resolved     _npmVersion: '1.4.23',
35 silly install resolved     _npmUser: { name: 'jcrugzz', email: 'jcrugzz@gmail.com' },
35 silly install resolved     dist:
35 silly install resolved      { shasum: '57754f64f543fd7b0845707c818ece618f05ffdc',
35 silly install resolved        tarball: 'http://registry.npmjs.org/prompt/-/prompt-0.2.14.tgz' },
35 silly install resolved     directories: {},
35 silly install resolved     _resolved: 'https://registry.npmjs.org/prompt/-/prompt-0.2.14.tgz',
35 silly install resolved     readme: 'ERROR: No README data found!' } ]
36 info install prompt@0.2.14 into /Users/mariavintimilla/Desktop/CodingBootcamp
37 info installOne prompt@0.2.14
38 verbose installOne of prompt to /Users/mariavintimilla/Desktop/CodingBootcamp not in flight; installing
39 verbose lock using /Users/mariavintimilla/.npm/_locks/prompt-9d33427e51c6e1e0.lock for /Users/mariavintimilla/Desktop/CodingBootcamp/node_modules/prompt
40 silly install write writing prompt 0.2.14 to /Users/mariavintimilla/Desktop/CodingBootcamp/node_modules/prompt
41 verbose unbuild node_modules/prompt
42 silly gentlyRm /Users/mariavintimilla/Desktop/CodingBootcamp/node_modules/prompt is being purged from base /Users/mariavintimilla/Desktop/CodingBootcamp
43 verbose gentlyRm don't care about contents; nuking /Users/mariavintimilla/Desktop/CodingBootcamp/node_modules/prompt
44 silly vacuum-fs Error: ENOTDIR: not a directory, lstat '/Users/mariavintimilla/Desktop/CodingBootcamp/node_modules/prompt'
44 silly vacuum-fs     at Error (native)
45 verbose unlock done using /Users/mariavintimilla/.npm/_locks/prompt-9d33427e51c6e1e0.lock for /Users/mariavintimilla/Desktop/CodingBootcamp/node_modules/prompt
46 verbose stack Error: ENOTDIR: not a directory, lstat '/Users/mariavintimilla/Desktop/CodingBootcamp/node_modules/prompt'
46 verbose stack     at Error (native)
47 verbose cwd /Users/mariavintimilla/Desktop/CodingBootcamp/zoodb
48 error Darwin 15.0.0
49 error argv "/usr/local/bin/node" "/usr/local/bin/npm" "install" "prompt" "--save"
50 error node v4.2.1
51 error npm  v2.14.7
52 error path /Users/mariavintimilla/Desktop/CodingBootcamp/node_modules/prompt
53 error code ENOTDIR
54 error errno -20
55 error syscall lstat
56 error ENOTDIR: not a directory, lstat '/Users/mariavintimilla/Desktop/CodingBootcamp/node_modules/prompt'
57 error If you need help, you may report this error at:
57 error     <https://github.com/npm/npm/issues>
58 verbose exit [ -20, true ]
59 verbose unbuild node_modules/prompt
60 silly gentlyRm /Users/mariavintimilla/Desktop/CodingBootcamp/node_modules/prompt is being purged from base /Users/mariavintimilla/Desktop/CodingBootcamp
61 verbose gentlyRm don't care about contents; nuking /Users/mariavintimilla/Desktop/CodingBootcamp/node_modules/prompt
62 silly vacuum-fs Error: ENOTDIR: not a directory, lstat '/Users/mariavintimilla/Desktop/CodingBootcamp/node_modules/prompt'
62 silly vacuum-fs     at Error (native)
63 error error rolling back Error: ENOTDIR: not a directory, lstat '/Users/mariavintimilla/Desktop/CodingBootcamp/node_modules/prompt'
63 error error rolling back     at Error (native)
63 error error rolling back  { [Error: ENOTDIR: not a directory, lstat '/Users/mariavintimilla/Desktop/CodingBootcamp/node_modules/prompt']
63 error error rolling back   errno: -20,
63 error error rolling back   code: 'ENOTDIR',
63 error error rolling back   syscall: 'lstat',
63 error error rolling back   path: '/Users/mariavintimilla/Desktop/CodingBootcamp/node_modules/prompt' }
